2026-03-26 12:05:18 [info] : GET /
2026-03-26 12:09:11 [info] : GET /home
2026-03-26 13:05:13 [info] : POST /api/auth/register
2026-03-26 13:15:30 [info] : POST /api/auth/register
2026-03-26 13:15:40 [info] : POST /api/auth/login
2026-03-26 13:18:29 [info] : POST /api/auth/login
2026-03-26 13:19:01 [info] : POST /api/auth/login
2026-03-26 13:19:44 [info] : POST /api/auth/login
2026-03-26 13:22:28 [info] : POST /api/scan
2026-03-26 14:58:45 [info] : POST /api/scan
2026-03-26 15:00:57 [info] : POST /api/auth/login
2026-03-26 15:53:17 [info] : POST /api/auth/login
2026-03-27 14:55:17 [info] : POST /api/auth/register
2026-03-27 14:56:26 [info] : POST /api/v1/auth/register
2026-03-27 14:56:39 [info] : POST /api/v1/auth/register
2026-03-27 15:36:53 [info] : OPTIONS /api/v1/auth/register
2026-03-27 15:36:53 [info] : POST /api/v1/auth/register
2026-03-27 15:37:37 [info] : OPTIONS /api/v1/auth/register
2026-03-27 15:37:37 [info] : POST /api/v1/auth/register
2026-03-27 15:38:02 [info] : OPTIONS /api/v1/auth/register
2026-03-27 15:38:02 [info] : POST /api/v1/auth/register
2026-03-27 15:39:34 [info] : OPTIONS /api/v1/auth/register
2026-03-27 15:39:34 [info] : POST /api/v1/auth/register
2026-03-27 15:39:39 [info] : OPTIONS /api/v1/auth/login
2026-03-27 15:39:39 [info] : POST /api/v1/auth/login
2026-03-27 15:40:58 [info] : OPTIONS /api/v1/auth/register
2026-03-27 15:40:58 [info] : POST /api/v1/auth/register
2026-03-27 15:41:17 [info] : OPTIONS /api/v1/auth/login
2026-03-27 15:41:17 [info] : POST /api/v1/auth/login
2026-03-27 15:44:23 [info] : OPTIONS /api/v1/auth/login
2026-03-27 15:44:23 [info] : POST /api/v1/auth/login
2026-03-27 15:45:23 [info] : OPTIONS /api/v1/auth/login
2026-03-27 15:45:23 [info] : POST /api/v1/auth/login
2026-03-27 15:45:58 [info] : OPTIONS /api/v1/auth/login
2026-03-27 15:45:58 [info] : POST /api/v1/auth/login
2026-03-27 15:46:47 [info] : OPTIONS /api/v1/auth/login
2026-03-27 15:46:47 [info] : POST /api/v1/auth/login
2026-03-27 15:46:48 [info] : OPTIONS /api/v1/scan/history
2026-03-27 15:46:49 [info] : OPTIONS /api/v1/scan/history
2026-03-27 15:46:51 [info] : OPTIONS /api/v1/scan/history
2026-03-27 15:46:55 [info] : OPTIONS /api/v1/scan/history
2026-03-27 15:48:54 [info] : OPTIONS /api/v1/scan/history
2026-03-27 15:48:55 [info] : OPTIONS /api/v1/scan/history
2026-03-27 15:48:57 [info] : OPTIONS /api/v1/scan/history
2026-03-27 15:49:45 [info] : OPTIONS /api/v1/scan/history
2026-03-27 15:51:03 [info] : OPTIONS /api/v1/scan/history
2026-03-27 15:51:49 [info] : OPTIONS /api/v1/scan/history
2026-03-27 15:53:11 [info] : OPTIONS /api/v1/scan/history
2026-03-27 15:53:28 [info] : OPTIONS /api/v1/scan/history
2026-03-27 15:53:30 [info] : OPTIONS /api/v1/scan/history
2026-03-27 15:53:35 [info] : OPTIONS /api/v1/scan/history
2026-03-27 15:54:37 [info] : OPTIONS /api/v1/auth/login
2026-03-27 15:54:37 [info] : POST /api/v1/auth/login
2026-03-27 15:54:37 [info] : OPTIONS /api/v1/scan/history
2026-03-27 15:54:38 [info] : OPTIONS /api/v1/scan/history
2026-03-27 15:54:40 [info] : OPTIONS /api/v1/scan/history
2026-03-27 15:54:44 [info] : OPTIONS /api/v1/scan/history
2026-03-27 15:56:27 [info] : OPTIONS /api/v1/scan/history
2026-03-27 15:57:05 [info] : OPTIONS /api/v1/scan/history
2026-03-27 15:57:07 [info] : OPTIONS /api/v1/scan/history
2026-03-27 15:57:11 [info] : OPTIONS /api/v1/scan/history
2026-03-27 15:57:16 [info] : OPTIONS /api/v1/scan/history
2026-03-27 15:57:17 [info] : OPTIONS /api/v1/scan/history
2026-03-27 15:57:22 [info] : OPTIONS /api/v1/scan/history
2026-03-27 15:57:32 [info] : OPTIONS /api/v1/scan/history
2026-03-27 15:57:37 [info] : OPTIONS /api/v1/scan/history
2026-03-27 15:57:48 [info] : OPTIONS /api/v1/scan/history
2026-03-27 15:57:52 [info] : OPTIONS /api/v1/scan/history
2026-03-27 16:00:44 [info] : OPTIONS /api/v1/scan/history
2026-03-27 16:00:53 [info] : OPTIONS /api/v1/scan/history
2026-03-27 16:03:55 [info] : OPTIONS /api/v1/scan/history
2026-03-27 16:04:33 [info] : OPTIONS /api/v1/scan/history
2026-03-27 16:06:06 [info] : OPTIONS /api/v1/scan/history
2026-03-27 16:06:42 [info] : OPTIONS /api/v1/scan/history
2026-03-27 16:07:42 [info] : OPTIONS /api/v1/scan/history
2026-03-27 16:08:37 [info] : OPTIONS /api/v1/scan/history
2026-03-27 16:08:40 [info] : OPTIONS /api/v1/scan/history
2026-03-27 16:08:42 [info] : OPTIONS /api/v1/scan/history
2026-03-27 16:08:46 [info] : OPTIONS /api/v1/scan/history
2026-03-27 16:09:03 [info] : OPTIONS /api/v1/scan/history
2026-03-27 16:09:04 [info] : OPTIONS /api/v1/scan/history
2026-03-27 16:09:06 [info] : OPTIONS /api/v1/scan/history
2026-03-27 16:09:10 [info] : OPTIONS /api/v1/scan/history
2026-03-27 16:09:16 [info] : OPTIONS /api/v1/scan/history
2026-03-27 16:09:17 [info] : OPTIONS /api/v1/scan/history
2026-03-27 16:09:19 [info] : OPTIONS /api/v1/scan/history
2026-03-27 16:09:23 [info] : OPTIONS /api/v1/scan/history
2026-03-27 16:10:00 [info] : OPTIONS /api/v1/scan/history
2026-03-27 16:10:01 [info] : OPTIONS /api/v1/scan/history
2026-03-27 16:10:11 [info] : OPTIONS /api/v1/scan/history
2026-03-27 16:10:19 [info] : OPTIONS /api/v1/scan/history
2026-03-27 16:10:23 [info] : OPTIONS /api/v1/scan/history
2026-03-27 16:10:24 [info] : OPTIONS /api/v1/scan/history
2026-03-27 16:11:28 [info] : OPTIONS /api/v1/scan/history
2026-03-27 16:11:29 [info] : OPTIONS /api/v1/scan/history
2026-03-27 16:11:31 [info] : OPTIONS /api/v1/scan/history
2026-03-27 16:11:35 [info] : OPTIONS /api/v1/scan/history
2026-03-27 16:11:39 [info] : OPTIONS /api/v1/scan/history
2026-03-27 16:11:40 [info] : OPTIONS /api/v1/scan/history
2026-03-27 16:11:42 [info] : OPTIONS /api/v1/scan/history
2026-03-27 16:11:46 [info] : OPTIONS /api/v1/scan/history
2026-03-27 16:12:21 [info] : OPTIONS /api/v1/scan/history
2026-03-27 16:12:22 [info] : OPTIONS /api/v1/scan/history
2026-03-27 16:12:24 [info] : OPTIONS /api/v1/scan/history
2026-03-27 16:12:28 [info] : OPTIONS /api/v1/scan/history
2026-03-27 16:13:06 [info] : OPTIONS /api/v1/auth/login
2026-03-27 16:13:06 [info] : POST /api/v1/auth/login
2026-03-27 16:13:06 [info] : OPTIONS /api/v1/scan/history
2026-03-27 16:13:07 [info] : OPTIONS /api/v1/scan/history
2026-03-27 16:13:09 [info] : OPTIONS /api/v1/scan/history
2026-03-27 16:13:13 [info] : OPTIONS /api/v1/scan/history
2026-03-27 16:14:43 [info] : OPTIONS /api/v1/scan/history
2026-03-27 16:14:44 [info] : OPTIONS /api/v1/scan/history
2026-03-27 16:14:46 [info] : OPTIONS /api/v1/scan/history
2026-03-27 16:14:50 [info] : OPTIONS /api/v1/scan/history
2026-03-27 16:15:43 [info] : OPTIONS /api/v1/auth/login
2026-03-27 16:15:43 [info] : POST /api/v1/auth/login
2026-03-27 16:15:44 [info] : OPTIONS /api/v1/scan/history
2026-03-27 16:15:45 [info] : OPTIONS /api/v1/scan/history
2026-03-27 16:15:47 [info] : OPTIONS /api/v1/scan/history
2026-03-27 16:15:51 [info] : OPTIONS /api/v1/scan/history
2026-03-27 16:16:46 [info] : OPTIONS /api/v1/scan/analyze
2026-03-27 16:17:38 [info] : OPTIONS /api/v1/scan/history
2026-03-27 16:17:39 [info] : OPTIONS /api/v1/scan/history
2026-03-27 16:17:41 [info] : OPTIONS /api/v1/scan/history
2026-03-27 16:17:45 [info] : OPTIONS /api/v1/scan/history
2026-03-27 16:33:36 [info] : OPTIONS /api/v1/scan/history
2026-03-27 16:34:42 [info] : OPTIONS /api/v1/scan/history
2026-03-27 16:36:12 [info] : OPTIONS /api/v1/scan/history
2026-03-27 16:36:14 [info] : OPTIONS /api/v1/scan/history
2026-03-27 16:36:18 [info] : OPTIONS /api/v1/scan/history
2026-03-27 16:37:10 [info] : OPTIONS /api/v1/auth/login
2026-03-27 16:37:10 [info] : POST /api/v1/auth/login
2026-03-27 16:37:11 [info] : OPTIONS /api/v1/scan/history
2026-03-27 16:37:12 [info] : OPTIONS /api/v1/scan/history
2026-03-27 16:37:14 [info] : OPTIONS /api/v1/scan/history
2026-03-27 16:37:18 [info] : OPTIONS /api/v1/scan/history
2026-03-27 16:37:23 [info] : OPTIONS /api/v1/scan/history
2026-03-27 16:37:24 [info] : OPTIONS /api/v1/scan/history
2026-03-27 16:37:26 [info] : OPTIONS /api/v1/scan/history
2026-03-27 16:37:30 [info] : OPTIONS /api/v1/scan/history
2026-03-27 16:37:44 [info] : OPTIONS /api/v1/scan/history
2026-03-27 16:37:45 [info] : OPTIONS /api/v1/scan/history
2026-03-27 16:37:47 [info] : OPTIONS /api/v1/scan/history
2026-03-27 16:37:51 [info] : OPTIONS /api/v1/scan/history
2026-03-27 16:38:39 [info] : OPTIONS /api/v1/scan/history
2026-03-27 16:38:40 [info] : OPTIONS /api/v1/scan/history
2026-03-27 16:38:42 [info] : OPTIONS /api/v1/scan/history
2026-03-27 16:38:46 [info] : OPTIONS /api/v1/scan/history
2026-03-27 16:49:31 [info] : OPTIONS /api/v1/scan/history
2026-03-27 16:49:32 [info] : OPTIONS /api/v1/scan/history
2026-03-27 16:49:34 [info] : OPTIONS /api/v1/scan/history
2026-03-27 16:50:07 [info] : OPTIONS /api/v1/scan/analyze
2026-03-27 16:53:06 [info] : OPTIONS /api/v1/scan/analyze
2026-03-27 16:54:53 [info] : OPTIONS /api/v1/scan/analyze
2026-03-27 16:55:43 [info] : OPTIONS /api/v1/auth/login
2026-03-27 16:55:43 [info] : POST /api/v1/auth/login
2026-03-27 16:56:11 [info] : OPTIONS /api/v1/auth/login
2026-03-27 16:56:11 [info] : POST /api/v1/auth/login
2026-03-27 16:56:46 [info] : OPTIONS /api/v1/auth/register
2026-03-27 16:56:46 [info] : POST /api/v1/auth/register
2026-03-27 16:57:12 [info] : OPTIONS /api/v1/auth/login
2026-03-27 16:57:12 [info] : POST /api/v1/auth/login
2026-03-27 16:57:43 [info] : OPTIONS /api/v1/auth/login
2026-03-27 16:57:43 [info] : POST /api/v1/auth/login
2026-03-27 16:59:02 [info] : OPTIONS /api/v1/auth/register
2026-03-27 16:59:02 [info] : POST /api/v1/auth/register
2026-03-27 16:59:19 [info] : OPTIONS /api/v1/auth/login
2026-03-27 16:59:19 [info] : POST /api/v1/auth/login
2026-03-27 17:00:51 [info] : OPTIONS /api/v1/auth/login
2026-03-27 17:00:51 [info] : POST /api/v1/auth/login
2026-03-27 17:09:35 [info] : OPTIONS /api/v1/auth/login
2026-03-27 17:09:35 [info] : POST /api/v1/auth/login
2026-03-27 17:23:16 [info] : OPTIONS /api/v1/auth/login
2026-03-27 17:23:16 [info] : POST /api/v1/auth/login
2026-03-27 17:24:08 [info] : OPTIONS /api/v1/auth/login
2026-03-27 17:24:08 [info] : POST /api/v1/auth/login
2026-03-27 17:25:49 [info] : OPTIONS /api/v1/auth/login
2026-03-27 17:25:49 [info] : POST /api/v1/auth/login
2026-03-27 17:27:12 [info] : OPTIONS /api/v1/auth/login
2026-03-27 17:27:12 [info] : POST /api/v1/auth/login
2026-03-27 17:30:50 [info] : OPTIONS /api/v1/auth/login
2026-03-27 17:30:50 [info] : POST /api/v1/auth/login
2026-03-27 17:30:51 [info] : OPTIONS /api/v1/scan/history
2026-03-27 17:30:52 [info] : OPTIONS /api/v1/scan/history
2026-03-27 17:30:54 [info] : OPTIONS /api/v1/scan/history
2026-03-27 17:30:58 [info] : OPTIONS /api/v1/scan/history
2026-03-27 17:31:38 [info] : OPTIONS /api/v1/scan/history
2026-03-27 17:31:39 [info] : OPTIONS /api/v1/scan/history
2026-03-27 17:31:41 [info] : OPTIONS /api/v1/scan/history
2026-03-27 17:34:46 [info] : OPTIONS /api/v1/scan/history
2026-03-27 17:34:46 [info] : GET /api/v1/scan/history
2026-03-27 17:34:53 [info] : OPTIONS /api/v1/scan/history
2026-03-27 17:34:53 [info] : GET /api/v1/scan/history
2026-03-27 17:34:54 [info] : GET /api/v1/scan/history
2026-03-27 17:34:56 [info] : GET /api/v1/scan/history
2026-03-27 17:35:00 [info] : OPTIONS /api/v1/scan/history
2026-03-27 17:35:00 [info] : GET /api/v1/scan/history
2026-03-27 17:35:21 [info] : OPTIONS /api/v1/scan/analyze
2026-03-27 17:35:21 [info] : POST /api/v1/scan/analyze
2026-03-27 17:41:27 [info] : OPTIONS /api/v1/scan/analyze
2026-03-27 17:41:27 [info] : POST /api/v1/scan/analyze
2026-03-27 17:50:29 [info] : OPTIONS /api/v1/scan/analyze
2026-03-27 17:50:29 [info] : POST /api/v1/scan/analyze
2026-03-27 17:53:38 [info] : OPTIONS /api/v1/scan/analyze
2026-03-27 17:53:38 [info] : POST /api/v1/scan/analyze
2026-03-27 17:54:14 [info] : OPTIONS /api/v1/scan/analyze
2026-03-27 17:54:14 [info] : POST /api/v1/scan/analyze
